[2021-08-10T13:27:41.022] [DEBUG] cheese - login => username:sss,password:123456
[2021-08-10T13:27:41.026] [DEBUG] cheese - sss
[2021-08-10T13:27:41.035] [DEBUG] cheese - null
[2021-08-10T13:27:41.035] [DEBUG] cheese - null
[2021-08-10T13:29:29.454] [DEBUG] cheese - login => username:admin,password:123456
[2021-08-10T13:29:29.454] [DEBUG] cheese - admin
[2021-08-10T13:29:29.460] [DEBUG] cheese - null
[2021-08-10T13:29:29.460] [DEBUG] cheese - null
[2021-08-10T13:29:37.262] [DEBUG] cheese - login => username:admin,password:123456
[2021-08-10T13:29:37.262] [DEBUG] cheese - admin
[2021-08-10T13:29:37.265] [DEBUG] cheese - null
[2021-08-10T13:29:37.265] [DEBUG] cheese - null
[2021-08-10T13:29:38.919] [DEBUG] cheese - login => username:admin,password:123456
[2021-08-10T13:29:38.920] [DEBUG] cheese - admin
[2021-08-10T13:29:38.922] [DEBUG] cheese - null
[2021-08-10T13:29:38.922] [DEBUG] cheese - null
[2021-08-10T13:29:40.713] [DEBUG] cheese - login => username:admin,password:123456
[2021-08-10T13:29:40.714] [DEBUG] cheese - admin
[2021-08-10T13:29:40.716] [DEBUG] cheese - null
[2021-08-10T13:29:40.716] [DEBUG] cheese - null
[2021-08-10T13:30:03.616] [DEBUG] cheese - login => username:admin,password:123456
[2021-08-10T13:30:03.616] [DEBUG] cheese - admin
[2021-08-10T13:30:03.619] [DEBUG] cheese - { inspect: [Function: inspect] }
[2021-08-10T13:30:03.620] [DEBUG] cheese - 查询失败
[2021-08-10T13:30:05.095] [DEBUG] cheese - login => username:admin,password:123456
[2021-08-10T13:30:05.095] [DEBUG] cheese - admin
[2021-08-10T13:30:05.097] [DEBUG] cheese - { inspect: [Function: inspect] }
[2021-08-10T13:30:05.097] [DEBUG] cheese - 查询失败
[2021-08-10T13:30:05.897] [DEBUG] cheese - login => username:admin,password:123456
[2021-08-10T13:30:05.897] [DEBUG] cheese - admin
[2021-08-10T13:30:05.899] [DEBUG] cheese - { inspect: [Function: inspect] }
[2021-08-10T13:30:05.899] [DEBUG] cheese - 查询失败
[2021-08-10T13:30:09.281] [DEBUG] cheese - login => username:admin,password:123456
[2021-08-10T13:30:09.281] [DEBUG] cheese - admin
[2021-08-10T13:30:09.284] [DEBUG] cheese - { inspect: [Function: inspect] }
[2021-08-10T13:30:09.284] [DEBUG] cheese - 查询失败
[2021-08-10T13:30:10.126] [DEBUG] cheese - login => username:admin,password:123456
[2021-08-10T13:30:10.126] [DEBUG] cheese - admin
[2021-08-10T13:30:10.139] [DEBUG] cheese - null
[2021-08-10T13:30:10.139] [DEBUG] cheese - null
[2021-08-10T13:30:50.666] [DEBUG] cheese - login => username:admin,password:123456
[2021-08-10T13:30:50.666] [DEBUG] cheese - admin
[2021-08-10T13:30:50.667] [DEBUG] cheese - null
[2021-08-10T13:30:50.667] [DEBUG] cheese - null
[2021-08-10T15:17:35.692] [DEBUG] cheese - login => username:admin,password:123456
[2021-08-10T15:17:35.693] [DEBUG] cheese - admin
[2021-08-10T15:17:35.709] [DEBUG] cheese - null
[2021-08-10T15:17:35.709] [DEBUG] cheese - null
[2021-08-10T22:13:00.306] [DEBUG] cheese - login => username:admin,password:123456
[2021-08-10T22:13:00.307] [DEBUG] cheese - admin
[2021-08-10T22:13:00.319] [DEBUG] cheese - null
[2021-08-10T22:13:00.319] [DEBUG] cheese - null
[2021-08-10T22:14:01.815] [DEBUG] cheese - login => username:2131312,password:213131321
[2021-08-10T22:14:01.815] [DEBUG] cheese - 2131312
[2021-08-10T22:14:01.817] [DEBUG] cheese - null
[2021-08-10T22:14:01.817] [DEBUG] cheese - null
[2021-08-10T22:14:10.478] [DEBUG] cheese - login => username:2131312,password:213131321
[2021-08-10T22:14:10.478] [DEBUG] cheese - 2131312
[2021-08-10T22:14:10.479] [DEBUG] cheese - null
[2021-08-10T22:14:10.479] [DEBUG] cheese - null
[2021-08-10T22:14:10.954] [DEBUG] cheese - login => username:2131312,password:213131321
[2021-08-10T22:14:10.954] [DEBUG] cheese - 2131312
[2021-08-10T22:14:10.955] [DEBUG] cheese - null
[2021-08-10T22:14:10.955] [DEBUG] cheese - null
[2021-08-10T22:14:11.104] [DEBUG] cheese - login => username:2131312,password:213131321
[2021-08-10T22:14:11.104] [DEBUG] cheese - 2131312
[2021-08-10T22:14:11.106] [DEBUG] cheese - null
[2021-08-10T22:14:11.106] [DEBUG] cheese - null
[2021-08-10T22:15:17.685] [DEBUG] cheese - login => username:11111,password:123344
[2021-08-10T22:15:17.685] [DEBUG] cheese - 11111
[2021-08-10T22:15:17.686] [DEBUG] cheese - null
[2021-08-10T22:15:17.686] [DEBUG] cheese - null
[2021-08-10T22:16:25.306] [DEBUG] cheese - login => username:123131,password:213213113
[2021-08-10T22:16:25.307] [DEBUG] cheese - 123131
[2021-08-10T22:16:25.308] [DEBUG] cheese - null
[2021-08-10T22:16:25.308] [DEBUG] cheese - null
[2021-08-10T22:16:26.223] [DEBUG] cheese - login => username:123131,password:213213113
[2021-08-10T22:16:26.223] [DEBUG] cheese - 123131
[2021-08-10T22:16:26.225] [DEBUG] cheese - null
[2021-08-10T22:16:26.225] [DEBUG] cheese - null
[2021-08-10T22:19:13.920] [DEBUG] cheese - login => username:213123123,password:1221321321
[2021-08-10T22:19:13.920] [DEBUG] cheese - 213123123
[2021-08-10T22:19:13.926] [DEBUG] cheese - null
[2021-08-10T22:19:13.926] [DEBUG] cheese - null
[2021-08-10T22:28:43.922] [DEBUG] cheese - login => username:12323,password:1213
[2021-08-10T22:28:43.922] [DEBUG] cheese - 12323
[2021-08-10T22:28:43.927] [DEBUG] cheese - null
[2021-08-10T22:28:43.927] [DEBUG] cheese - null
[2021-08-10T22:30:55.092] [DEBUG] cheese - login => username:1231313,password:12313113
[2021-08-10T22:30:55.092] [DEBUG] cheese - 1231313
[2021-08-10T22:30:55.097] [DEBUG] cheese - null
[2021-08-10T22:30:55.097] [DEBUG] cheese - null
[2021-08-10T22:30:55.962] [DEBUG] cheese - login => username:1231313,password:12313113
[2021-08-10T22:30:55.962] [DEBUG] cheese - 1231313
[2021-08-10T22:30:55.963] [DEBUG] cheese - null
[2021-08-10T22:30:55.963] [DEBUG] cheese - null
[2021-08-10T22:35:46.366] [DEBUG] cheese - login => username:admin,password:123456
[2021-08-10T22:35:46.366] [DEBUG] cheese - admin
[2021-08-10T22:35:46.371] [DEBUG] cheese - null
[2021-08-10T22:35:46.372] [DEBUG] cheese - null
[2021-08-10T22:37:28.900] [DEBUG] cheese - login => username:admin,password:123456
[2021-08-10T22:37:28.900] [DEBUG] cheese - admin
[2021-08-10T22:37:28.901] [DEBUG] cheese - null
[2021-08-10T22:37:28.901] [DEBUG] cheese - null
[2021-08-10T22:45:27.389] [DEBUG] cheese - login => username:admin,password:123456
[2021-08-10T22:45:27.390] [DEBUG] cheese - admin
[2021-08-10T22:45:27.395] [DEBUG] cheese - null
[2021-08-10T22:45:27.395] [DEBUG] cheese - null
[2021-08-10T22:45:31.003] [DEBUG] cheese - login => username:admin,password:123456
[2021-08-10T22:45:31.003] [DEBUG] cheese - admin
[2021-08-10T22:45:31.004] [DEBUG] cheese - null
[2021-08-10T22:45:31.004] [DEBUG] cheese - null
[2021-08-10T22:45:33.486] [DEBUG] cheese - login => username:admin,password:123456
[2021-08-10T22:45:33.486] [DEBUG] cheese - admin
[2021-08-10T22:45:33.488] [DEBUG] cheese - null
[2021-08-10T22:45:33.488] [DEBUG] cheese - null
[2021-08-10T22:46:17.275] [DEBUG] cheese - login => username:admin,password:123456
[2021-08-10T22:46:17.275] [DEBUG] cheese - admin
[2021-08-10T22:46:17.277] [DEBUG] cheese - null
[2021-08-10T22:46:17.277] [DEBUG] cheese - null
[2021-08-10T22:57:52.623] [DEBUG] cheese - login => username:admin,password:123456
[2021-08-10T22:57:52.623] [DEBUG] cheese - admin
[2021-08-10T22:57:52.628] [DEBUG] cheese - null
[2021-08-10T22:57:52.628] [DEBUG] cheese - null
[2021-08-10T23:05:37.478] [DEBUG] cheese - login => username:admin,password:123456
[2021-08-10T23:05:37.478] [DEBUG] cheese - admin
[2021-08-10T23:05:37.483] [DEBUG] cheese - null
[2021-08-10T23:05:37.483] [DEBUG] cheese - null
[2021-08-10T23:05:41.650] [DEBUG] cheese - login => username:admin,password:123456
[2021-08-10T23:05:41.650] [DEBUG] cheese - admin
[2021-08-10T23:05:41.652] [DEBUG] cheese - null
[2021-08-10T23:05:41.652] [DEBUG] cheese - null
[2021-08-10T23:12:07.134] [DEBUG] cheese - login => username:admin,password:123456
[2021-08-10T23:12:07.134] [DEBUG] cheese - admin
[2021-08-10T23:12:07.141] [DEBUG] cheese - null
[2021-08-10T23:12:07.141] [DEBUG] cheese - null
[2021-08-10T23:12:10.291] [DEBUG] cheese - login => username:admin,password:123456
[2021-08-10T23:12:10.291] [DEBUG] cheese - admin
[2021-08-10T23:12:10.293] [DEBUG] cheese - null
[2021-08-10T23:12:10.293] [DEBUG] cheese - null
[2021-08-11T11:59:01.240] [DEBUG] cheese - login => username:admin,password:123456
[2021-08-11T11:59:01.243] [DEBUG] cheese - admin
[2021-08-11T11:59:01.281] [DEBUG] cheese - null
[2021-08-11T11:59:01.282] [DEBUG] cheese - null
[2021-08-11T11:59:05.599] [DEBUG] cheese - login => username:admi,password:123456
[2021-08-11T11:59:05.599] [DEBUG] cheese - admi
[2021-08-11T11:59:05.602] [DEBUG] cheese - null
[2021-08-11T11:59:05.603] [DEBUG] cheese - null
[2021-08-11T11:59:09.672] [DEBUG] cheese - login => username:admin,password:123456
[2021-08-11T11:59:09.672] [DEBUG] cheese - admin
[2021-08-11T11:59:09.674] [DEBUG] cheese - null
[2021-08-11T11:59:09.674] [DEBUG] cheese - null
[2021-08-11T12:11:07.566] [DEBUG] cheese - login => username:admin,password:123456
[2021-08-11T12:11:07.567] [DEBUG] cheese - admin
[2021-08-11T12:11:07.572] [DEBUG] cheese - null
[2021-08-11T12:11:07.572] [DEBUG] cheese - null
[2021-08-11T12:11:12.846] [DEBUG] cheese - login => username:admin11,password:123456
[2021-08-11T12:11:12.846] [DEBUG] cheese - admin11
[2021-08-11T12:11:12.848] [DEBUG] cheese - null
[2021-08-11T12:11:12.848] [DEBUG] cheese - null
[2021-08-11T12:11:15.354] [DEBUG] cheese - login => username:admin111111111,password:123456
[2021-08-11T12:11:15.354] [DEBUG] cheese - admin111111111
[2021-08-11T12:11:15.356] [DEBUG] cheese - null
[2021-08-11T12:11:15.357] [DEBUG] cheese - null
[2021-08-11T12:11:16.109] [DEBUG] cheese - login => username:admin111111111,password:123456
[2021-08-11T12:11:16.110] [DEBUG] cheese - admin111111111
[2021-08-11T12:11:16.111] [DEBUG] cheese - null
[2021-08-11T12:11:16.111] [DEBUG] cheese - null
[2021-08-11T15:57:21.181] [DEBUG] cheese - login => username:admin,password:123456
[2021-08-11T15:57:21.182] [DEBUG] cheese - admin
[2021-08-11T15:57:21.193] [DEBUG] cheese - null
[2021-08-11T15:57:21.193] [DEBUG] cheese - null
[2021-08-11T16:01:12.342] [DEBUG] cheese - login => username:admin,password:123456
[2021-08-11T16:01:12.342] [DEBUG] cheese - admin
[2021-08-11T16:01:12.347] [DEBUG] cheese - null
[2021-08-11T16:01:12.348] [DEBUG] cheese - null
[2021-08-11T16:31:02.356] [DEBUG] cheese - login => username:admin,password:123456
[2021-08-11T16:31:02.356] [DEBUG] cheese - admin
[2021-08-11T16:31:02.361] [DEBUG] cheese - null
[2021-08-11T16:31:02.361] [DEBUG] cheese - null
[2021-08-11T16:31:06.070] [DEBUG] cheese - login => username:admin,password:123456
[2021-08-11T16:31:06.070] [DEBUG] cheese - admin
[2021-08-11T16:31:06.072] [DEBUG] cheese - null
[2021-08-11T16:31:06.072] [DEBUG] cheese - null
[2021-08-11T17:12:31.863] [DEBUG] cheese - login => username:admin,password:123456
[2021-08-11T17:12:31.863] [DEBUG] cheese - admin
[2021-08-11T17:12:31.869] [DEBUG] cheese - null
[2021-08-11T17:12:31.869] [DEBUG] cheese - null
[2021-08-11T17:14:25.272] [DEBUG] cheese - login => username:admin,password:123456
[2021-08-11T17:14:25.272] [DEBUG] cheese - admin
[2021-08-11T17:14:25.273] [DEBUG] cheese - null
[2021-08-11T17:14:25.273] [DEBUG] cheese - null
[2021-08-11T17:23:25.016] [DEBUG] cheese - login => username:admin,password:123456
[2021-08-11T17:23:25.016] [DEBUG] cheese - admin
[2021-08-11T17:23:25.019] [DEBUG] cheese - null
[2021-08-11T17:23:25.019] [DEBUG] cheese - null
[2021-08-11T17:23:49.789] [DEBUG] cheese - login => username:admin,password:123456
[2021-08-11T17:23:49.790] [DEBUG] cheese - admin
[2021-08-11T17:23:49.791] [DEBUG] cheese - null
[2021-08-11T17:23:49.791] [DEBUG] cheese - null
[2021-08-11T17:24:37.673] [DEBUG] cheese - login => username:admin,password:123456
[2021-08-11T17:24:37.674] [DEBUG] cheese - admin
[2021-08-11T17:24:37.675] [DEBUG] cheese - null
[2021-08-11T17:24:37.675] [DEBUG] cheese - null
[2021-08-11T19:56:09.625] [DEBUG] cheese - login => username:admin,password:123456
[2021-08-11T19:56:09.625] [DEBUG] cheese - admin
[2021-08-11T19:56:09.631] [DEBUG] cheese - null
[2021-08-11T19:56:09.631] [DEBUG] cheese - null
[2021-08-11T20:10:30.889] [DEBUG] cheese - login => username:admin,password:123456
[2021-08-11T20:10:30.889] [DEBUG] cheese - admin
[2021-08-11T20:10:30.894] [DEBUG] cheese - null
[2021-08-11T20:10:30.894] [DEBUG] cheese - null
[2021-08-11T20:11:09.654] [DEBUG] cheese - login => username:admin,password:123456
[2021-08-11T20:11:09.654] [DEBUG] cheese - admin
[2021-08-11T20:11:09.656] [DEBUG] cheese - null
[2021-08-11T20:11:09.656] [DEBUG] cheese - null
[2021-08-11T22:17:17.154] [DEBUG] cheese - login => username:admin,password:123456
[2021-08-11T22:17:17.154] [DEBUG] cheese - admin
[2021-08-11T22:17:17.156] [DEBUG] cheese - null
[2021-08-11T22:17:17.156] [DEBUG] cheese - null
[2021-08-11T22:17:41.799] [DEBUG] cheese - login => username:admin,password:123456
[2021-08-11T22:17:41.799] [DEBUG] cheese - admin
[2021-08-11T22:17:41.800] [DEBUG] cheese - null
[2021-08-11T22:17:41.800] [DEBUG] cheese - null
[2021-08-11T22:18:28.770] [DEBUG] cheese - login => username:admin,password:123456
[2021-08-11T22:18:28.770] [DEBUG] cheese - admin
[2021-08-11T22:18:28.771] [DEBUG] cheese - null
[2021-08-11T22:18:28.771] [DEBUG] cheese - null
[2021-08-11T22:28:50.549] [DEBUG] cheese - login => username:admin,password:123456
[2021-08-11T22:28:50.549] [DEBUG] cheese - admin
[2021-08-11T22:28:50.552] [DEBUG] cheese - null
[2021-08-11T22:28:50.552] [DEBUG] cheese - null
[2021-08-11T22:35:50.786] [DEBUG] cheese - login => username:admin,password:123456
[2021-08-11T22:35:50.786] [DEBUG] cheese - admin
[2021-08-11T22:35:50.789] [DEBUG] cheese - null
[2021-08-11T22:35:50.789] [DEBUG] cheese - null
[2021-08-11T22:36:08.731] [DEBUG] cheese - login => username:admin,password:123456
[2021-08-11T22:36:08.731] [DEBUG] cheese - admin
[2021-08-11T22:36:08.732] [DEBUG] cheese - null
[2021-08-11T22:36:08.732] [DEBUG] cheese - null
[2021-08-11T22:38:41.386] [DEBUG] cheese - login => username:admin,password:123456
[2021-08-11T22:38:41.386] [DEBUG] cheese - admin
[2021-08-11T22:38:41.388] [DEBUG] cheese - null
[2021-08-11T22:38:41.388] [DEBUG] cheese - null
[2021-08-11T22:43:50.278] [DEBUG] cheese - login => username:admin,password:123456
[2021-08-11T22:43:50.278] [DEBUG] cheese - admin
[2021-08-11T22:43:50.281] [DEBUG] cheese - null
[2021-08-11T22:43:50.281] [DEBUG] cheese - null
[2021-08-11T22:50:47.743] [DEBUG] cheese - login => username:admin,password:123456
[2021-08-11T22:50:47.743] [DEBUG] cheese - admin
[2021-08-11T22:50:47.745] [DEBUG] cheese - null
[2021-08-11T22:50:47.745] [DEBUG] cheese - null
[2021-08-11T22:55:53.571] [DEBUG] cheese - login => username:admin,password:123456
[2021-08-11T22:55:53.571] [DEBUG] cheese - admin
[2021-08-11T22:55:53.572] [DEBUG] cheese - null
[2021-08-11T22:55:53.572] [DEBUG] cheese - null
[2021-08-11T23:06:26.362] [DEBUG] cheese - login => username:admin,password:123456
[2021-08-11T23:06:26.362] [DEBUG] cheese - admin
[2021-08-11T23:06:26.366] [DEBUG] cheese - null
[2021-08-11T23:06:26.366] [DEBUG] cheese - null
[2021-08-12T10:22:37.905] [DEBUG] cheese - login => username:admin,password:123456
[2021-08-12T10:22:37.906] [DEBUG] cheese - admin
[2021-08-12T10:22:38.888] [DEBUG] cheese - login => username:admin,password:123456
[2021-08-12T10:22:38.888] [DEBUG] cheese - admin
[2021-08-12T10:22:39.620] [DEBUG] cheese - null
[2021-08-12T10:22:39.621] [DEBUG] cheese - null
[2021-08-12T10:22:39.712] [DEBUG] cheese - null
[2021-08-12T10:22:39.712] [DEBUG] cheese - null
[2021-08-12T10:22:44.302] [DEBUG] cheese - login => username:admin,password:123456
[2021-08-12T10:22:44.302] [DEBUG] cheese - admin
[2021-08-12T10:22:44.303] [DEBUG] cheese - null
[2021-08-12T10:22:44.303] [DEBUG] cheese - null
[2021-08-12T10:22:47.711] [DEBUG] cheese - login => username:admin,password:123456
[2021-08-12T10:22:47.711] [DEBUG] cheese - admin
[2021-08-12T10:22:47.713] [DEBUG] cheese - null
[2021-08-12T10:22:47.713] [DEBUG] cheese - null
[2021-08-12T10:44:31.277] [DEBUG] cheese - login => username:admin,password:123456
[2021-08-12T10:44:31.278] [DEBUG] cheese - admin
[2021-08-12T10:44:31.282] [DEBUG] cheese - null
[2021-08-12T10:44:31.282] [DEBUG] cheese - null
[2021-08-12T11:28:01.394] [DEBUG] cheese - login => username:admin,password:123456
[2021-08-12T11:28:01.394] [DEBUG] cheese - admin
[2021-08-12T11:28:01.400] [DEBUG] cheese - null
[2021-08-12T11:28:01.400] [DEBUG] cheese - null
[2021-08-12T17:35:58.744] [DEBUG] cheese - login => username:admin,password:123456
[2021-08-12T17:35:58.745] [DEBUG] cheese - admin
[2021-08-12T17:35:59.092] [DEBUG] cheese - null
[2021-08-12T17:35:59.093] [DEBUG] cheese - null
[2021-08-12T18:10:13.792] [DEBUG] cheese - login => username:admin,password:123456
[2021-08-12T18:10:13.792] [DEBUG] cheese - admin
[2021-08-12T18:10:13.795] [DEBUG] cheese - null
[2021-08-12T18:10:13.795] [DEBUG] cheese - null
[2021-08-12T18:31:13.663] [DEBUG] cheese - login => username:admin,password:123456
[2021-08-12T18:31:13.663] [DEBUG] cheese - admin
[2021-08-12T18:31:13.668] [DEBUG] cheese - null
[2021-08-12T18:31:13.669] [DEBUG] cheese - null
[2021-08-12T18:32:23.058] [DEBUG] cheese - login => username:admin,password:123456
[2021-08-12T18:32:23.058] [DEBUG] cheese - admin
[2021-08-12T18:32:23.061] [DEBUG] cheese - null
[2021-08-12T18:32:23.061] [DEBUG] cheese - null
[2021-08-12T21:40:53.911] [DEBUG] cheese - login => username:admin,password:123456
[2021-08-12T21:40:53.911] [DEBUG] cheese - admin
[2021-08-12T21:40:53.913] [DEBUG] cheese - null
[2021-08-12T21:40:53.914] [DEBUG] cheese - null
[2021-08-12T22:47:55.164] [DEBUG] cheese - login => username:admin,password:123456
[2021-08-12T22:47:55.165] [DEBUG] cheese - admin
[2021-08-12T22:47:55.166] [DEBUG] cheese - null
[2021-08-12T22:47:55.167] [DEBUG] cheese - null
[2021-08-12T22:55:35.065] [DEBUG] cheese - login => username:admin,password:123456
[2021-08-12T22:55:35.065] [DEBUG] cheese - admin
[2021-08-12T22:55:35.067] [DEBUG] cheese - null
[2021-08-12T22:55:35.067] [DEBUG] cheese - null
[2021-08-12T23:34:29.870] [DEBUG] cheese - login => username:admin,password:123456
[2021-08-12T23:34:29.870] [DEBUG] cheese - admin
[2021-08-12T23:34:29.874] [DEBUG] cheese - null
[2021-08-12T23:34:29.874] [DEBUG] cheese - null
[2021-08-13T14:10:19.979] [DEBUG] cheese - login => username:admin,password:123456
[2021-08-13T14:10:19.980] [DEBUG] cheese - admin
[2021-08-13T14:10:20.302] [DEBUG] cheese - null
[2021-08-13T14:10:20.302] [DEBUG] cheese - null
[2021-08-13T16:05:20.607] [DEBUG] cheese - login => username:admin,password:123456
[2021-08-13T16:05:20.607] [DEBUG] cheese - admin
[2021-08-13T16:05:20.611] [DEBUG] cheese - null
[2021-08-13T16:05:20.611] [DEBUG] cheese - null
[2021-08-13T16:14:17.117] [DEBUG] cheese - null
[2021-08-13T16:16:12.365] [DEBUG] cheese - null
[2021-08-13T16:17:32.506] [DEBUG] cheese - null
[2021-08-13T16:30:56.359] [DEBUG] cheese - login => username:admin,password:123456
[2021-08-13T16:30:56.360] [DEBUG] cheese - admin
[2021-08-13T16:30:56.365] [DEBUG] cheese - null
[2021-08-13T16:30:56.366] [DEBUG] cheese - null
[2021-08-13T18:29:41.158] [DEBUG] cheese - login => username:admin,password:123456
[2021-08-13T18:29:41.158] [DEBUG] cheese - admin
[2021-08-13T18:29:41.163] [DEBUG] cheese - null
[2021-08-13T18:29:41.163] [DEBUG] cheese - null
[2021-08-13T22:19:01.320] [DEBUG] cheese - login => username:admin,password:123456
[2021-08-13T22:19:01.320] [DEBUG] cheese - admin
[2021-08-13T22:19:01.323] [DEBUG] cheese - null
[2021-08-13T22:19:01.323] [DEBUG] cheese - null
[2021-08-13T22:50:50.531] [DEBUG] cheese - login => username:admin,password:123456
[2021-08-13T22:50:50.531] [DEBUG] cheese - admin
[2021-08-13T22:50:50.532] [DEBUG] cheese - null
[2021-08-13T22:50:50.532] [DEBUG] cheese - null
[2021-08-13T23:07:24.465] [DEBUG] cheese - login => username:admin,password:123456
[2021-08-13T23:07:24.466] [DEBUG] cheese - admin
[2021-08-13T23:07:24.467] [DEBUG] cheese - null
[2021-08-13T23:07:24.467] [DEBUG] cheese - null
[2021-08-13T23:14:21.218] [DEBUG] cheese - login => username:admin,password:123456
[2021-08-13T23:14:21.218] [DEBUG] cheese - admin
[2021-08-13T23:14:21.219] [DEBUG] cheese - null
[2021-08-13T23:14:21.219] [DEBUG] cheese - null
[2021-08-13T23:28:03.779] [DEBUG] cheese - login => username:admin,password:123456
[2021-08-13T23:28:03.780] [DEBUG] cheese - admin
[2021-08-13T23:28:03.784] [DEBUG] cheese - null
[2021-08-13T23:28:03.784] [DEBUG] cheese - null
[2021-08-13T23:40:27.836] [DEBUG] cheese - login => username:admin,password:123456
[2021-08-13T23:40:27.837] [DEBUG] cheese - admin
[2021-08-13T23:40:27.840] [DEBUG] cheese - null
[2021-08-13T23:40:27.840] [DEBUG] cheese - null
[2021-08-14T09:48:37.333] [DEBUG] cheese - login => username:admin,password:123456
[2021-08-14T09:48:37.334] [DEBUG] cheese - admin
[2021-08-14T09:48:37.376] [DEBUG] cheese - null
[2021-08-14T09:48:37.377] [DEBUG] cheese - null
[2021-08-14T09:58:44.692] [DEBUG] cheese - login => username:admin,password:123456
[2021-08-14T09:58:44.694] [DEBUG] cheese - admin
[2021-08-14T09:58:44.703] [DEBUG] cheese - null
[2021-08-14T09:58:44.703] [DEBUG] cheese - null
[2021-08-14T10:28:25.022] [DEBUG] cheese - login => username:admin,password:123456
[2021-08-14T10:28:25.023] [DEBUG] cheese - admin
[2021-08-14T10:28:25.033] [DEBUG] cheese - null
[2021-08-14T10:28:25.033] [DEBUG] cheese - null
[2021-08-14T10:35:15.370] [DEBUG] cheese - login => username:admin,password:123456
[2021-08-14T10:35:15.371] [DEBUG] cheese - admin
[2021-08-14T10:35:15.379] [DEBUG] cheese - null
[2021-08-14T10:35:15.380] [DEBUG] cheese - null
[2021-08-14T11:11:21.275] [DEBUG] cheese - login => username:admin,password:123456
[2021-08-14T11:11:21.275] [DEBUG] cheese - admin
[2021-08-14T11:11:21.281] [DEBUG] cheese - null
[2021-08-14T11:11:21.281] [DEBUG] cheese - null
[2021-08-14T11:25:13.145] [DEBUG] cheese - login => username:admin,password:123456
[2021-08-14T11:25:13.146] [DEBUG] cheese - admin
[2021-08-14T11:25:13.154] [DEBUG] cheese - null
[2021-08-14T11:25:13.154] [DEBUG] cheese - null
[2021-08-14T11:33:22.868] [DEBUG] cheese - login => username:admin,password:123456
[2021-08-14T11:33:22.869] [DEBUG] cheese - admin
[2021-08-14T11:33:22.873] [DEBUG] cheese - null
[2021-08-14T11:33:22.874] [DEBUG] cheese - null
[2021-08-14T12:52:05.356] [DEBUG] cheese - login => username:admin,password:123456
[2021-08-14T12:52:05.357] [DEBUG] cheese - admin
[2021-08-14T12:52:05.364] [DEBUG] cheese - null
[2021-08-14T12:52:05.364] [DEBUG] cheese - null
[2021-08-14T13:01:01.973] [DEBUG] cheese - login => username:admin,password:123456
[2021-08-14T13:01:01.974] [DEBUG] cheese - admin
[2021-08-14T13:01:01.984] [DEBUG] cheese - null
[2021-08-14T13:01:01.984] [DEBUG] cheese - null
[2021-08-14T13:06:47.545] [DEBUG] cheese - null
[2021-08-14T14:47:12.669] [DEBUG] cheese - login => username:admin,password:123456
[2021-08-14T14:47:12.671] [DEBUG] cheese - admin
[2021-08-14T14:47:12.683] [DEBUG] cheese - null
[2021-08-14T14:47:12.684] [DEBUG] cheese - null
[2021-08-14T15:00:14.099] [DEBUG] cheese - login => username:admin,password:123456
[2021-08-14T15:00:14.100] [DEBUG] cheese - admin
[2021-08-14T15:00:14.103] [DEBUG] cheese - null
[2021-08-14T15:00:14.104] [DEBUG] cheese - null
[2021-08-14T15:02:31.783] [DEBUG] cheese - login => username:admin,password:123456
[2021-08-14T15:02:31.784] [DEBUG] cheese - admin
[2021-08-14T15:02:31.787] [DEBUG] cheese - null
[2021-08-14T15:02:31.788] [DEBUG] cheese - null
[2021-08-14T15:34:42.938] [DEBUG] cheese - login => username:admin,password:123456
[2021-08-14T15:34:42.939] [DEBUG] cheese - admin
[2021-08-14T15:34:44.232] [DEBUG] cheese - login => username:admin,password:123456
[2021-08-14T15:34:44.232] [DEBUG] cheese - admin
[2021-08-14T15:34:44.657] [DEBUG] cheese - null
[2021-08-14T15:34:44.658] [DEBUG] cheese - null
[2021-08-14T15:34:44.744] [DEBUG] cheese - null
[2021-08-14T15:34:44.744] [DEBUG] cheese - null
[2021-08-14T16:01:52.595] [DEBUG] cheese - login => username:admin,password:123456
[2021-08-14T16:01:52.597] [DEBUG] cheese - admin
[2021-08-14T16:01:52.605] [DEBUG] cheese - null
[2021-08-14T16:01:52.605] [DEBUG] cheese - null
[2021-08-14T16:22:43.373] [DEBUG] cheese - login => username:admin,password:123456
[2021-08-14T16:22:43.374] [DEBUG] cheese - admin
[2021-08-14T16:22:43.383] [DEBUG] cheese - null
[2021-08-14T16:22:43.383] [DEBUG] cheese - null
[2021-08-14T16:24:48.962] [DEBUG] cheese - login => username:admin,password:123456
[2021-08-14T16:24:48.963] [DEBUG] cheese - admin
[2021-08-14T16:24:48.966] [DEBUG] cheese - null
[2021-08-14T16:24:48.967] [DEBUG] cheese - null
[2021-08-14T16:48:00.460] [DEBUG] cheese - login => username:admin,password:123456
[2021-08-14T16:48:00.461] [DEBUG] cheese - admin
[2021-08-14T16:48:00.469] [DEBUG] cheese - null
[2021-08-14T16:48:00.470] [DEBUG] cheese - null
[2021-08-14T19:25:22.367] [DEBUG] cheese - login => username:admin,password:123456
[2021-08-14T19:25:22.368] [DEBUG] cheese - admin
[2021-08-14T19:25:22.371] [DEBUG] cheese - null
[2021-08-14T19:25:22.371] [DEBUG] cheese - null
[2021-08-14T20:04:01.167] [DEBUG] cheese - login => username:admin,password:123456
[2021-08-14T20:04:01.169] [DEBUG] cheese - admin
[2021-08-14T20:04:01.179] [DEBUG] cheese - null
[2021-08-14T20:04:01.180] [DEBUG] cheese - null
[2021-08-14T23:35:37.981] [DEBUG] cheese - login => username:admin,password:123456
[2021-08-14T23:35:37.982] [DEBUG] cheese - admin
[2021-08-14T23:35:38.292] [DEBUG] cheese - null
[2021-08-14T23:35:38.292] [DEBUG] cheese - null
[2021-08-14T23:38:41.701] [DEBUG] cheese - login => username:admin,password:123456
[2021-08-14T23:38:41.702] [DEBUG] cheese - admin
[2021-08-14T23:38:41.711] [DEBUG] cheese - null
[2021-08-14T23:38:41.712] [DEBUG] cheese - null
[2021-08-14T23:44:48.737] [DEBUG] cheese - login => username:admin,password:123456
[2021-08-14T23:44:48.738] [DEBUG] cheese - admin
[2021-08-14T23:44:48.747] [DEBUG] cheese - null
[2021-08-14T23:44:48.748] [DEBUG] cheese - null
[2021-08-16T08:56:53.482] [DEBUG] cheese - login => username:admin,password:123456
[2021-08-16T08:56:53.483] [DEBUG] cheese - admin
[2021-08-16T08:56:53.520] [DEBUG] cheese - null
[2021-08-16T08:56:53.520] [DEBUG] cheese - null
[2021-08-16T09:38:13.733] [DEBUG] cheese - login => username:admin,password:123456
[2021-08-16T09:38:13.735] [DEBUG] cheese - admin
[2021-08-16T09:38:13.740] [DEBUG] cheese - null
[2021-08-16T09:38:13.740] [DEBUG] cheese - null
[2021-08-16T10:42:23.183] [DEBUG] cheese - login => username:admin,password:123456
[2021-08-16T10:42:23.185] [DEBUG] cheese - admin
[2021-08-16T10:42:23.189] [DEBUG] cheese - null
[2021-08-16T10:42:23.189] [DEBUG] cheese - null
[2021-08-16T10:57:43.472] [DEBUG] cheese - login => username:admin,password:123456
[2021-08-16T10:57:43.472] [DEBUG] cheese - admin
[2021-08-16T10:57:43.479] [DEBUG] cheese - null
[2021-08-16T10:57:43.480] [DEBUG] cheese - null
[2021-08-16T11:10:10.677] [DEBUG] cheese - login => username:admin,password:123456
[2021-08-16T11:10:10.677] [DEBUG] cheese - admin
[2021-08-16T11:10:10.682] [DEBUG] cheese - null
[2021-08-16T11:10:10.682] [DEBUG] cheese - null
[2021-08-16T11:20:02.232] [DEBUG] cheese - login => username:admin,password:123456
[2021-08-16T11:20:02.233] [DEBUG] cheese - admin
[2021-08-16T11:20:02.241] [DEBUG] cheese - null
[2021-08-16T11:20:02.241] [DEBUG] cheese - null
[2021-08-16T15:25:11.256] [DEBUG] cheese - login => username:admin,password:123456
[2021-08-16T15:25:11.258] [DEBUG] cheese - admin
[2021-08-16T15:25:11.267] [DEBUG] cheese - null
[2021-08-16T15:25:11.268] [DEBUG] cheese - null
[2021-08-16T17:21:24.937] [DEBUG] cheese - login => username:admin,password:123456
[2021-08-16T17:21:24.939] [DEBUG] cheese - admin
[2021-08-16T17:21:24.945] [DEBUG] cheese - null
[2021-08-16T17:21:24.946] [DEBUG] cheese - null
[2021-08-16T22:37:00.711] [DEBUG] cheese - login => username:admin,password:123456
[2021-08-16T22:37:00.712] [DEBUG] cheese - admin
[2021-08-16T22:37:01.888] [DEBUG] cheese - login => username:admin,password:123456
[2021-08-16T22:37:01.888] [DEBUG] cheese - admin
[2021-08-16T22:37:02.404] [DEBUG] cheese - null
[2021-08-16T22:37:02.405] [DEBUG] cheese - null
[2021-08-16T22:37:02.490] [DEBUG] cheese - null
[2021-08-16T22:37:02.490] [DEBUG] cheese - null
[2021-08-16T22:39:18.153] [DEBUG] cheese - login => username:admin,password:123456
[2021-08-16T22:39:18.153] [DEBUG] cheese - admin
[2021-08-16T22:39:18.158] [DEBUG] cheese - null
[2021-08-16T22:39:18.158] [DEBUG] cheese - null
[2021-08-17T22:26:52.697] [DEBUG] cheese - login => username:admin,password:123456
[2021-08-17T22:26:52.698] [DEBUG] cheese - admin
[2021-08-17T22:26:54.433] [DEBUG] cheese - null
[2021-08-17T22:26:54.433] [DEBUG] cheese - null
[2021-08-17T23:22:52.487] [DEBUG] cheese - login => username:admin,password:123456
[2021-08-17T23:22:52.489] [DEBUG] cheese - admin
[2021-08-17T23:22:52.496] [DEBUG] cheese - null
[2021-08-17T23:22:52.496] [DEBUG] cheese - null
[2021-08-18T00:02:49.723] [DEBUG] cheese - login => username:admin,password:123456
[2021-08-18T00:02:49.724] [DEBUG] cheese - admin
[2021-08-18T00:02:49.732] [DEBUG] cheese - null
[2021-08-18T00:02:49.733] [DEBUG] cheese - null
[2021-08-18T10:29:57.264] [DEBUG] cheese - login => username:admin,password:123456
[2021-08-18T10:29:57.265] [DEBUG] cheese - admin
[2021-08-18T10:29:57.607] [DEBUG] cheese - login => username:admin,password:123456
[2021-08-18T10:29:57.607] [DEBUG] cheese - admin
[2021-08-18T10:29:58.786] [DEBUG] cheese - login => username:admin,password:123456
[2021-08-18T10:29:58.786] [DEBUG] cheese - admin
[2021-08-18T10:29:58.986] [DEBUG] cheese - null
[2021-08-18T10:29:58.986] [DEBUG] cheese - null
[2021-08-18T10:29:59.075] [DEBUG] cheese - null
[2021-08-18T10:29:59.075] [DEBUG] cheese - null
[2021-08-18T10:29:59.157] [DEBUG] cheese - null
[2021-08-18T10:29:59.157] [DEBUG] cheese - null
[2021-08-18T10:49:54.358] [DEBUG] cheese - login => username:admin,password:123456
[2021-08-18T10:49:54.359] [DEBUG] cheese - admin
[2021-08-18T10:49:54.363] [DEBUG] cheese - null
[2021-08-18T10:49:54.364] [DEBUG] cheese - null
[2021-08-18T10:55:02.465] [DEBUG] cheese - null
[2021-08-18T14:24:30.113] [DEBUG] cheese - login => username:admin,password:123456
[2021-08-18T14:24:30.113] [DEBUG] cheese - admin
[2021-08-18T14:24:30.118] [DEBUG] cheese - null
[2021-08-18T14:24:30.118] [DEBUG] cheese - null
[2021-08-18T15:51:35.403] [DEBUG] cheese - null
[2021-08-18T15:51:59.970] [DEBUG] cheese - null
[2021-08-18T15:53:35.648] [DEBUG] cheese - null
[2021-08-18T15:54:15.828] [DEBUG] cheese - null
[2021-08-18T16:01:43.134] [DEBUG] cheese - login => username:admin,password:123456
[2021-08-18T16:01:43.135] [DEBUG] cheese - admin
[2021-08-18T16:01:43.139] [DEBUG] cheese - null
[2021-08-18T16:01:43.140] [DEBUG] cheese - null
[2021-08-18T16:08:29.153] [DEBUG] cheese - login => username:admin,password:123456
[2021-08-18T16:08:29.153] [DEBUG] cheese - admin
[2021-08-18T16:08:29.156] [DEBUG] cheese - null
[2021-08-18T16:08:29.156] [DEBUG] cheese - null
[2021-08-18T16:11:03.128] [DEBUG] cheese - login => username:admin,password:123456
[2021-08-18T16:11:03.128] [DEBUG] cheese - admin
[2021-08-18T16:11:03.129] [DEBUG] cheese - null
[2021-08-18T16:11:03.130] [DEBUG] cheese - null
[2021-08-18T16:34:33.891] [DEBUG] cheese - login => username:admin,password:123456
[2021-08-18T16:34:33.891] [DEBUG] cheese - admin
[2021-08-18T16:34:33.892] [DEBUG] cheese - null
[2021-08-18T16:34:33.893] [DEBUG] cheese - null
[2021-08-18T16:44:44.514] [DEBUG] cheese - login => username:admin,password:123456
[2021-08-18T16:44:44.514] [DEBUG] cheese - admin
[2021-08-18T16:44:44.521] [DEBUG] cheese - null
[2021-08-18T16:44:44.521] [DEBUG] cheese - null
[2021-08-18T16:49:31.468] [DEBUG] cheese - login => username:admin,password:123456
[2021-08-18T16:49:31.469] [DEBUG] cheese - admin
[2021-08-18T16:49:31.478] [DEBUG] cheese - null
[2021-08-18T16:49:31.478] [DEBUG] cheese - null
[2021-08-18T22:39:23.910] [DEBUG] cheese - login => username:admin,password:123456
[2021-08-18T22:39:23.911] [DEBUG] cheese - admin
[2021-08-18T22:39:23.919] [DEBUG] cheese - null
[2021-08-18T22:39:23.920] [DEBUG] cheese - null
[2021-08-18T23:00:51.985] [DEBUG] cheese - login => username:admin,password:123456
[2021-08-18T23:00:51.985] [DEBUG] cheese - admin
[2021-08-18T23:00:51.988] [DEBUG] cheese - null
[2021-08-18T23:00:51.988] [DEBUG] cheese - null
[2021-08-18T23:11:54.239] [DEBUG] cheese - login => username:admin,password:123456
[2021-08-18T23:11:54.239] [DEBUG] cheese - admin
[2021-08-18T23:11:54.240] [DEBUG] cheese - null
[2021-08-18T23:11:54.240] [DEBUG] cheese - null
[2021-08-18T23:17:45.139] [DEBUG] cheese - login => username:admin,password:123456
[2021-08-18T23:17:45.140] [DEBUG] cheese - admin
[2021-08-18T23:17:45.141] [DEBUG] cheese - null
[2021-08-18T23:17:45.141] [DEBUG] cheese - null
[2021-08-18T23:44:44.169] [DEBUG] cheese - login => username:admin,password:123456
[2021-08-18T23:44:44.170] [DEBUG] cheese - admin
[2021-08-18T23:44:44.173] [DEBUG] cheese - null
[2021-08-18T23:44:44.173] [DEBUG] cheese - null
[2021-08-18T23:53:46.920] [DEBUG] cheese - login => username:admin,password:123456
[2021-08-18T23:53:46.921] [DEBUG] cheese - admin
[2021-08-18T23:53:46.924] [DEBUG] cheese - null
[2021-08-18T23:53:46.924] [DEBUG] cheese - null
[2021-08-19T00:03:16.269] [DEBUG] cheese - login => username:admin,password:123456
[2021-08-19T00:03:16.269] [DEBUG] cheese - admin
[2021-08-19T00:03:16.272] [DEBUG] cheese - null
[2021-08-19T00:03:16.272] [DEBUG] cheese - null
[2021-08-19T00:15:35.348] [DEBUG] cheese - login => username:admin,password:123456
[2021-08-19T00:15:35.349] [DEBUG] cheese - admin
[2021-08-19T00:15:35.361] [DEBUG] cheese - null
[2021-08-19T00:15:35.361] [DEBUG] cheese - null
[2021-08-19T00:29:37.897] [DEBUG] cheese - login => username:admin,password:123456
[2021-08-19T00:29:37.898] [DEBUG] cheese - admin
[2021-08-19T00:29:37.905] [DEBUG] cheese - null
[2021-08-19T00:29:37.906] [DEBUG] cheese - null
[2021-08-19T00:36:55.731] [DEBUG] cheese - login => username:admin,password:123456
[2021-08-19T00:36:55.731] [DEBUG] cheese - admin
[2021-08-19T00:36:55.739] [DEBUG] cheese - null
[2021-08-19T00:36:55.739] [DEBUG] cheese - null
[2021-09-06T10:01:35.422] [DEBUG] cheese - login => username:admin,password:123456
[2021-09-06T10:01:35.424] [DEBUG] cheese - admin
[2021-09-06T10:01:37.163] [DEBUG] cheese - null
[2021-09-06T10:01:37.164] [DEBUG] cheese - null
[2021-09-06T10:02:24.923] [DEBUG] cheese - login => username:admin,password:123456
[2021-09-06T10:02:24.923] [DEBUG] cheese - admin
[2021-09-06T10:02:24.925] [DEBUG] cheese - null
[2021-09-06T10:02:24.925] [DEBUG] cheese - null
[2021-09-06T10:16:52.114] [DEBUG] cheese - login => username:admin,password:12345611
[2021-09-06T10:16:52.116] [DEBUG] cheese - admin
[2021-09-06T10:16:52.123] [DEBUG] cheese - null
[2021-09-06T10:16:52.123] [DEBUG] cheese - null
[2021-09-06T10:16:55.357] [DEBUG] cheese - login => username:admin,password:123456
[2021-09-06T10:16:55.357] [DEBUG] cheese - admin
[2021-09-06T10:16:55.358] [DEBUG] cheese - null
[2021-09-06T10:16:55.359] [DEBUG] cheese - null
